<?xml version="1.0" encoding="UTF-8"?>
<testng-results ignored="0" total="2" passed="2" failed="0" skipped="0">
  <reporter-output>
  </reporter-output>
  <suite started-at="2024-07-16T13:18:34Z" name="Suite" finished-at="2024-07-16T13:18:48Z" duration-ms="13575">
    <groups>
    </groups>
    <test started-at="2024-07-16T13:18:34Z" name="Test" finished-at="2024-07-16T13:18:48Z" duration-ms="13575">
      <class name="Tests.Test1">
        <test-method is-config="true" signature="initBrowser()[pri:0, instance:Tests.Test1@a4b2d8f]" started-at="2024-07-16T13:18:35Z" name="initBrowser" finished-at="2024-07-16T13:18:38Z" duration-ms="3216" status="PASS">
          <reporter-output>
          </reporter-output>
        </test-method> <!-- initBrowser -->
        <test-method signature="submitOrder(java.util.HashMap)[pri:0, instance:Tests.Test1@a4b2d8f]" started-at="2024-07-16T13:18:38Z" name="submitOrder" data-provider="jsonData" finished-at="2024-07-16T13:18:42Z" duration-ms="3882" status="PASS">
          <params>
            <param index="0">
              <value>
                <![CDATA[{password=Test@123, product=ZARA COAT 3, email=dsk@gmail.com}]]>
              </value>
            </param>
          </params>
          <reporter-output>
          </reporter-output>
        </test-method> <!-- submitOrder -->
        <test-method is-config="true" signature="tearDown()[pri:0, instance:Tests.Test1@a4b2d8f]" started-at="2024-07-16T13:18:42Z" name="tearDown" finished-at="2024-07-16T13:18:42Z" duration-ms="150" status="PASS">
          <reporter-output>
          </reporter-output>
        </test-method> <!-- tearDown -->
        <test-method is-config="true" signature="initBrowser()[pri:0, instance:Tests.Test1@a4b2d8f]" started-at="2024-07-16T13:18:42Z" name="initBrowser" finished-at="2024-07-16T13:18:44Z" duration-ms="1954" status="PASS">
          <reporter-output>
          </reporter-output>
        </test-method> <!-- initBrowser -->
        <test-method signature="submitOrder(java.util.HashMap)[pri:0, instance:Tests.Test1@a4b2d8f]" started-at="2024-07-16T13:18:44Z" name="submitOrder" data-provider="jsonData" finished-at="2024-07-16T13:18:48Z" duration-ms="3978" status="PASS">
          <params>
            <param index="0">
              <value>
                <![CDATA[{password=Diksha@12, product=ADIDAS ORIGINAL, email=dikshakamdi@123.com}]]>
              </value>
            </param>
          </params>
          <reporter-output>
          </reporter-output>
        </test-method> <!-- submitOrder -->
        <test-method is-config="true" signature="tearDown()[pri:0, instance:Tests.Test1@a4b2d8f]" started-at="2024-07-16T13:18:48Z" name="tearDown" finished-at="2024-07-16T13:18:48Z" duration-ms="161" status="PASS">
          <reporter-output>
          </reporter-output>
        </test-method> <!-- tearDown -->
      </class> <!-- Tests.Test1 -->
    </test> <!-- Test -->
  </suite> <!-- Suite -->
</testng-results>
