<?xml version="1.0" encoding="UTF-8"?>
<testng-results ignored="0" total="2" passed="2" failed="0" skipped="0">
  <reporter-output>
  </reporter-output>
  <suite started-at="2024-07-16T11:45:10Z" name="Suite" finished-at="2024-07-16T11:45:25Z" duration-ms="15118">
    <groups>
    </groups>
    <test started-at="2024-07-16T11:45:10Z" name="Test" finished-at="2024-07-16T11:45:25Z" duration-ms="15118">
      <class name="Tests.Test1">
        <test-method is-config="true" signature="initBrowser()[pri:0, instance:Tests.Test1@6d304f9d]" started-at="2024-07-16T11:45:10Z" name="initBrowser" finished-at="2024-07-16T11:45:15Z" duration-ms="4645" status="PASS">
          <reporter-output>
          </reporter-output>
        </test-method> <!-- initBrowser -->
        <test-method signature="submitOrder(java.util.HashMap)[pri:0, instance:Tests.Test1@6d304f9d]" started-at="2024-07-16T11:45:15Z" name="submitOrder" data-provider="jsonData" finished-at="2024-07-16T11:45:19Z" duration-ms="4074" status="PASS">
          <params>
            <param index="0">
              <value>
                <![CDATA[{password=Test@123, product=ZARA COAT 3, email=dsk@gmail.com}]]>
              </value>
            </param>
          </params>
          <reporter-output>
          </reporter-output>
        </test-method> <!-- submitOrder -->
        <test-method is-config="true" signature="tearDown()[pri:0, instance:Tests.Test1@6d304f9d]" started-at="2024-07-16T11:45:19Z" name="tearDown" finished-at="2024-07-16T11:45:19Z" duration-ms="170" status="PASS">
          <reporter-output>
          </reporter-output>
        </test-method> <!-- tearDown -->
        <test-method is-config="true" signature="initBrowser()[pri:0, instance:Tests.Test1@6d304f9d]" started-at="2024-07-16T11:45:19Z" name="initBrowser" finished-at="2024-07-16T11:45:21Z" duration-ms="1920" status="PASS">
          <reporter-output>
          </reporter-output>
        </test-method> <!-- initBrowser -->
        <test-method signature="submitOrder(java.util.HashMap)[pri:0, instance:Tests.Test1@6d304f9d]" started-at="2024-07-16T11:45:21Z" name="submitOrder" data-provider="jsonData" finished-at="2024-07-16T11:45:25Z" duration-ms="3875" status="PASS">
          <params>
            <param index="0">
              <value>
                <![CDATA[{password=Diksha@12, product=ADIDAS ORIGINAL, email=dikshakamdi@123.com}]]>
              </value>
            </param>
          </params>
          <reporter-output>
          </reporter-output>
        </test-method> <!-- submitOrder -->
        <test-method is-config="true" signature="tearDown()[pri:0, instance:Tests.Test1@6d304f9d]" started-at="2024-07-16T11:45:25Z" name="tearDown" finished-at="2024-07-16T11:45:25Z" duration-ms="170" status="PASS">
          <reporter-output>
          </reporter-output>
        </test-method> <!-- tearDown -->
      </class> <!-- Tests.Test1 -->
    </test> <!-- Test -->
  </suite> <!-- Suite -->
</testng-results>
